#-----------------------------------------------------------
# Vivado v2017.4 (64-bit)
# SW Build 2086221 on Fri Dec 15 20:55:39 MST 2017
# IP Build 2085800 on Fri Dec 15 22:25:07 MST 2017
# Start of session at: Tue Jan 30 14:01:18 2018
# Process ID: 19328
# Current directory: C:/Users/Richard/Documents/UCI/Freshman/2018 Winter/EECS 31L/Labs/Lab 2 - Vending Machine
# Command line: vivado.exe -gui_launcher_event rodinguilauncherevent6608 C:\Users\Richard\Documents\UCI\Freshman\2018 Winter\EECS 31L\Labs\Lab 2 - Vending Machine\Lab 2 - Vending Machine.xpr
# Log file: C:/Users/Richard/Documents/UCI/Freshman/2018 Winter/EECS 31L/Labs/Lab 2 - Vending Machine/vivado.log
# Journal file: C:/Users/Richard/Documents/UCI/Freshman/2018 Winter/EECS 31L/Labs/Lab 2 - Vending Machine\vivado.jou
#-----------------------------------------------------------
start_gui
open_project {C:/Users/Richard/Documents/UCI/Freshman/2018 Winter/EECS 31L/Labs/Lab 2 - Vending Machine/Lab 2 - Vending Machine.xpr}
INFO: [ProjectBase 1-489] The host OS only allows 260 characters in a normal path. The project is stored in a path with more than 80 characters. If you experience issues with IP, Block Designs, or files not being found, please consider moving the project to a location with a shorter path. Alternately consider using the OS subst command to map part of the path to a drive letter.
Current project path is 'C:/Users/Richard/Documents/UCI/Freshman/2018 Winter/EECS 31L/Labs/Lab 2 - Vending Machine'
INFO: [Project 1-313] Project file moved from 'C:/Users/Richard/Documents/UCI/Freshman/2018 Winter/EECS 31L/Lab-2-Vending-Machine' since last save.
Scanning sources...
Finished scanning sources
INFO: [IP_Flow 19-234] Refreshing IP repositories
INFO: [IP_Flow 19-1704] No user IP repositories specified
INFO: [IP_Flow 19-2313] Loaded Vivado IP repository 'C:/Xilinx/Vivado/2017.4/data/ip'.
open_project: Time (s): cpu = 00:00:12 ; elapsed = 00:00:07 . Memory (MB): peak = 728.078 ; gain = 40.871
exit
INFO: [Common 17-206] Exiting Vivadoexit
INFO: [Common 17-206] Exiting Vivado at Tue Jan 30 14:07:39 2018...
