Exception at PC 0x00007FFD513592FC
Exception at PC 0x00007FFD513592FC
Exception at PC 0x00007FFD513592FC
Exception at PC 0x00007FFD513592FC
Exception at PC 0x00007FFCDAE4E132
Attemped to write at address 0x00007FFD23D44AA4
Printing stacktrace...

[0]  [0x00007FFCDAE4E132]
[1]  [0x00007FFCDAE4E132]
[2]  [0x00007FFCDAE4E194]
[3]  [0x00007FFCDAA9D0D7]
[4]  [0x00007FFCDA982BCA]
[5]  [0x00007FFCDA982FD1]
[6]  [0x00007FFCDAE4EB2F]
[7]  [0x00007FFCDAD0C19D]
[8]  [0x00007FFCDAD05942]
[9]  [0x00007FFCDAD05AB5]
[10] (RtlActivateActivationContextUnsafeFast+0x114) [0x00007FFD53DFC114]
[11] (LdrShutdownProcess+0x142) [0x00007FFD53DFB522]
[12] (RtlExitUserProcess+0x98) [0x00007FFD53DF8538]
[13] (FatalExit+0xa) [0x00007FFD539F516A]
[14] (exit+0x25) [0x00007FFD534271D5]
[15] (flushall+0x22f) [0x00007FFD53426E6F]
[16]  [0x00000000004014CD]
[17]  [0x000000000040151B]
[18] (BaseThreadInitThunk+0x22) [0x00007FFD539F13D2]
[19] (RtlUserThreadStart+0x34) [0x00007FFD53DF54F4]
Done
